PLINK v2.00aLM 64-bit Intel (16 Oct 2017)
Options in effect:
  --bfile 23andmeBinary
  --glm
  --input-missing-phenotype -1000
  --out results/fish/fish
  --pheno continuous.phenotypes.formatted.csv
  --pheno-name fish

Hostname: sh-17-09.int
Working directory: /scratch/PI/euan/projects/mhc/code/anna_code/23andme/run_gwas
Start time: Fri Apr 20 13:03:34 2018

Random number seed: 1524254614
128528 MB RAM detected; reserving 64264 MB for main workspace.
Using up to 16 threads (change this with --threads).
971 samples (286 females, 671 males, 14 ambiguous; 971 founders) loaded from
23andmeBinary.fam.
1133211 variants loaded from 23andmeBinary.bim.
1 quantitative phenotype loaded (481 values).
--glm linear regression on phenotype 'fish': done.
Results written to results/fish/fish.fish.glm.linear .

End time: Fri Apr 20 13:03:44 2018
